2018-01-10 15:56:08 [ localhost-startStop-1:1133 ] - [ ERROR ] maxIdle is deprecated
2018-01-10 15:58:00 [ localhost-startStop-1:953 ] - [ ERROR ] maxIdle is deprecated
2018-01-10 18:08:58 [ localhost-startStop-1:1023 ] - [ ERROR ] maxIdle is deprecated
2018-01-10 18:16:21 [ localhost-startStop-1:967 ] - [ ERROR ] maxIdle is deprecated
2018-01-10 18:18:03 [ http-bio-8081-exec-10:102795 ] - [ ERROR ] Cannot redirect to the default success url
org.apache.shiro.session.InvalidSessionException: java.lang.IllegalStateException: getAttribute: Session already invalidated
	at org.apache.shiro.web.session.HttpServletSession.getAttribute(HttpServletSession.java:148)
	at org.apache.shiro.session.ProxiedSession.getAttribute(ProxiedSession.java:121)
	at org.apache.shiro.web.util.WebUtils.getSavedRequest(WebUtils.java:627)
	at org.apache.shiro.web.util.WebUtils.getAndClearSavedRequest(WebUtils.java:613)
	at org.apache.shiro.web.util.WebUtils.redirectToSavedRequest(WebUtils.java:655)
	at org.apache.shiro.web.filter.authc.AuthenticationFilter.issueSuccessRedirect(AuthenticationFilter.java:94)
	at org.apache.shiro.cas.CasFilter.onLoginFailure(CasFilter.java:133)
	at org.apache.shiro.web.filter.authc.AuthenticatingFilter.executeLogin(AuthenticatingFilter.java:56)
	at org.apache.shiro.cas.CasFilter.onAccessDenied(CasFilter.java:85)
	at org.apache.shiro.web.filter.AccessControlFilter.onAccessDenied(AccessControlFilter.java:133)
	at org.apache.shiro.web.filter.AccessControlFilter.onPreHandle(AccessControlFilter.java:162)
	at org.apache.shiro.web.filter.PathMatchingFilter.isFilterChainContinued(PathMatchingFilter.java:203)
	at org.apache.shiro.web.filter.PathMatchingFilter.preHandle(PathMatchingFilter.java:178)
	at org.apache.shiro.web.servlet.AdviceFilter.doFilterInternal(AdviceFilter.java:131)
	at org.apache.shiro.web.servlet.OncePerRequestFilter.doFilter(OncePerRequestFilter.java:125)
	at org.apache.shiro.web.servlet.ProxiedFilterChain.doFilter(ProxiedFilterChain.java:66)
	at org.apache.shiro.web.servlet.AbstractShiroFilter.executeChain(AbstractShiroFilter.java:449)
	at org.apache.shiro.web.servlet.AbstractShiroFilter$1.call(AbstractShiroFilter.java:365)
	at org.apache.shiro.subject.support.SubjectCallable.doCall(SubjectCallable.java:90)
	at org.apache.shiro.subject.support.SubjectCallable.call(SubjectCallable.java:83)
	at org.apache.shiro.subject.support.DelegatingSubject.execute(DelegatingSubject.java:383)
	at org.apache.shiro.web.servlet.AbstractShiroFilter.doFilterInternal(AbstractShiroFilter.java:362)
	at org.apache.shiro.web.servlet.OncePerRequestFilter.doFilter(OncePerRequestFilter.java:125)
	at org.springframework.web.filter.DelegatingFilterProxy.invokeDelegate(DelegatingFilterProxy.java:344)
	at org.springframework.web.filter.DelegatingFilterProxy.doFilter(DelegatingFilterProxy.java:261)
	at org.apache.catalina.core.ApplicationFilterChain.internalDoFilter(ApplicationFilterChain.java:243)
	at org.apache.catalina.core.ApplicationFilterChain.doFilter(ApplicationFilterChain.java:210)
	at org.springframework.web.filter.CharacterEncodingFilter.doFilterInternal(CharacterEncodingFilter.java:88)
	at org.springframework.web.filter.OncePerRequestFilter.doFilter(OncePerRequestFilter.java:107)
	at org.apache.catalina.core.ApplicationFilterChain.internalDoFilter(ApplicationFilterChain.java:243)
	at org.apache.catalina.core.ApplicationFilterChain.doFilter(ApplicationFilterChain.java:210)
	at org.jasig.cas.client.session.SingleSignOutFilter.doFilter(SingleSignOutFilter.java:76)
	at org.apache.catalina.core.ApplicationFilterChain.internalDoFilter(ApplicationFilterChain.java:243)
	at org.apache.catalina.core.ApplicationFilterChain.doFilter(ApplicationFilterChain.java:210)
	at org.apache.catalina.core.StandardWrapperValve.invoke(StandardWrapperValve.java:222)
	at org.apache.catalina.core.StandardContextValve.invoke(StandardContextValve.java:123)
	at org.apache.catalina.authenticator.AuthenticatorBase.invoke(AuthenticatorBase.java:472)
	at org.apache.catalina.core.StandardHostValve.invoke(StandardHostValve.java:171)
	at org.apache.catalina.valves.ErrorReportValve.invoke(ErrorReportValve.java:99)
	at org.apache.catalina.valves.AccessLogValve.invoke(AccessLogValve.java:936)
	at org.apache.catalina.core.StandardEngineValve.invoke(StandardEngineValve.java:118)
	at org.apache.catalina.connector.CoyoteAdapter.service(CoyoteAdapter.java:407)
	at org.apache.coyote.http11.AbstractHttp11Processor.process(AbstractHttp11Processor.java:1004)
	at org.apache.coyote.AbstractProtocol$AbstractConnectionHandler.process(AbstractProtocol.java:589)
	at org.apache.tomcat.util.net.JIoEndpoint$SocketProcessor.run(JIoEndpoint.java:312)
	at java.util.concurrent.ThreadPoolExecutor.runWorker(ThreadPoolExecutor.java:1145)
	at java.util.concurrent.ThreadPoolExecutor$Worker.run(ThreadPoolExecutor.java:615)
	at java.lang.Thread.run(Thread.java:745)
Caused by: java.lang.IllegalStateException: getAttribute: Session already invalidated
	at org.apache.catalina.session.StandardSession.getAttribute(StandardSession.java:1165)
	at org.apache.catalina.session.StandardSessionFacade.getAttribute(StandardSessionFacade.java:122)
	at org.apache.shiro.web.session.HttpServletSession.getAttribute(HttpServletSession.java:146)
	... 47 more
2018-01-10 18:21:44 [ localhost-startStop-1:4936 ] - [ ERROR ] maxIdle is deprecated
2018-01-10 18:37:44 [ localhost-startStop-1:969 ] - [ ERROR ] maxIdle is deprecated
